<?xml version="1.0" encoding="UTF-8"?>
<!-- Generated by org.testng.reporters.JUnitReportReporter -->
<testsuite hostname="shiva" failures="0" tests="4" name="com.ninja.qa.testcases.RegisterPageTest" time="33.827" errors="0" timestamp="2024-01-25T14:34:20 IST" skipped="0">
  <testcase classname="com.ninja.qa.testcases.RegisterPageTest" name="verifyRegisterAnAccountWithMandatoryFields" time="9.409"/>
  <system-out/>
  <testcase classname="com.ninja.qa.testcases.RegisterPageTest" name="verifyRegisterAnAccountWithoutPrivacyPolicy" time="7.751"/>
  <system-out/>
  <testcase classname="com.ninja.qa.testcases.RegisterPageTest" name="verifyRegisterAnAccountWithExistingEmail" time="9.245"/>
  <system-out/>
  <testcase classname="com.ninja.qa.testcases.RegisterPageTest" name="verifyRegisterAnAccountWithoutAnyDetails" time="7.422"/>
  <system-out/>
</testsuite> <!-- com.ninja.qa.testcases.RegisterPageTest -->
