<?xml version="1.0" encoding="UTF-8"?>
<!-- Generated by org.testng.reporters.JUnitReportReporter -->
<testsuite hostname="shiva" failures="0" tests="4" name="com.ninja.qa.testcases.RegisterTest" time="23.672" errors="0" timestamp="2024-01-26T10:34:47 IST" skipped="0">
  <testcase classname="com.ninja.qa.testcases.RegisterTest" name="verifyRegisterAnAccountWithMandatoryFields" time="9.151"/>
  <system-out/>
  <testcase classname="com.ninja.qa.testcases.RegisterTest" name="verifyRegisterAnAccountWithoutPrivacyPolicy" time="4.843"/>
  <system-out/>
  <testcase classname="com.ninja.qa.testcases.RegisterTest" name="verifyRegisterAnAccountWithExistingEmail" time="5.194"/>
  <system-out/>
  <testcase classname="com.ninja.qa.testcases.RegisterTest" name="verifyRegisterAnAccountWithoutAnyDetails" time="4.484"/>
  <system-out/>
</testsuite> <!-- com.ninja.qa.testcases.RegisterTest -->
