<?xml version="1.0" encoding="UTF-8"?>
<!-- Generated by org.testng.reporters.JUnitReportReporter -->
<testsuite hostname="shiva" failures="0" tests="2" name="com.ninja.qa.testcases.AppLoginTest" time="17.370" errors="0" timestamp="2024-01-26T15:49:00 IST" skipped="0">
  <testcase classname="com.ninja.qa.testcases.AppLoginTest" name="verifyLoginWithValidCredentials" time="8.860"/>
  <system-out/>
  <testcase classname="com.ninja.qa.testcases.AppLoginTest" name="verifyLoginWithValidCredentials" time="8.510"/>
  <system-out/>
</testsuite> <!-- com.ninja.qa.testcases.AppLoginTest -->
